{"1":1,"2":"2","level":"error","message":"aaa","namespace":"LOGGER"}
{"1":1,"2":"2","level":"error","message":"aaa","namespace":"LOGGER"}
[LOGGER]  24-04-29 11:46:05  [31m[31merror[31m[39m : [31maaa[39m {
  "1": 1,
  "2": "2"
}
[LOGGER]  24-04-29 11:46:07  [31m[31merror[31m[39m : [31maaa[39m {
  "1": 1,
  "2": "2"
}
[LOGGER]  24-04-29 11:51:42  [31m[31merror[31m[39m : [31maaa[39m {
  "1": 1,
  "2": "2"
}
[LOGGER]  24-04-29 11:51:44  [31m[31merror[31m[39m : [31maaa[39m {
  "1": 1,
  "2": "2"
}
[LOGGER]  24-04-29 11:54:54  [31merror[39m : [31maaa[39m {
  "1": 1,
  "2": "2"
}
[LOGGER]  24-04-29 11:54:56  [31merror[39m : [31maaa[39m {
  "1": 1,
  "2": "2"
}
[LOGGER]  24-04-29 12:05:14  error : aaa {
  "1": 1,
  "2": "2"
}
[LOGGER]  24-04-29 12:05:25  [31merror[39m : [31maaa[39m {
  "1": 1,
  "2": "2"
}
[LOGGER]  24-04-29 12:05:41  [31merror[39m : [31maaa[39m {
  "1": 1,
  "2": "2"
}
[LOGGER]  24-04-29 12:05:44  [31merror[39m : [31maaa[39m {
  "1": 1,
  "2": "2"
}
[LOGGER]  24-04-29 12:05:48  error : aaa {
  "1": 1,
  "2": "2"
}
